mode: atomic
github.com/ibnumasud/codility/array/cyclycrotation.go:4.43,7.32 3 1
github.com/ibnumasud/codility/array/cyclycrotation.go:18.2,18.15 1 1
github.com/ibnumasud/codility/array/cyclycrotation.go:7.32,9.3 1 0
github.com/ibnumasud/codility/array/cyclycrotation.go:9.3,12.45 2 1
github.com/ibnumasud/codility/array/cyclycrotation.go:12.45,15.4 2 3
github.com/ibnumasud/codility/array/oddoccurancearray.go:4.37,7.31 3 1
github.com/ibnumasud/codility/array/oddoccurancearray.go:12.2,12.15 1 1
github.com/ibnumasud/codility/array/oddoccurancearray.go:7.31,8.19 1 3
github.com/ibnumasud/codility/array/oddoccurancearray.go:8.19,10.4 1 1
github.com/ibnumasud/codility/array/oddoccurancearray.go:15.39,17.28 2 1
github.com/ibnumasud/codility/array/oddoccurancearray.go:26.2,26.21 1 1
github.com/ibnumasud/codility/array/oddoccurancearray.go:17.28,19.12 2 7
github.com/ibnumasud/codility/array/oddoccurancearray.go:19.12,21.4 1 4
github.com/ibnumasud/codility/array/oddoccurancearray.go:21.4,24.4 1 3
