mode: atomic
github.com/ibnumasud/codility/countingelement/countingelement.go:4.39,7.30 3 1
github.com/ibnumasud/codility/countingelement/countingelement.go:19.2,19.11 1 0
github.com/ibnumasud/codility/countingelement/countingelement.go:7.30,11.13 3 7
github.com/ibnumasud/codility/countingelement/countingelement.go:15.3,15.16 1 7
github.com/ibnumasud/codility/countingelement/countingelement.go:11.13,14.4 2 5
github.com/ibnumasud/codility/countingelement/countingelement.go:15.16,17.4 1 1
github.com/ibnumasud/codility/countingelement/countingelement.go:23.34,26.22 3 3
github.com/ibnumasud/codility/countingelement/countingelement.go:32.2,32.33 1 3
github.com/ibnumasud/codility/countingelement/countingelement.go:38.2,38.16 1 3
github.com/ibnumasud/codility/countingelement/countingelement.go:26.22,27.12 1 11
github.com/ibnumasud/codility/countingelement/countingelement.go:27.12,29.4 1 9
github.com/ibnumasud/codility/countingelement/countingelement.go:32.33,34.12 2 8
github.com/ibnumasud/codility/countingelement/countingelement.go:34.12,36.4 1 7
