mode: atomic
github.com/ibnumasud/codility/timecomplexity/timecomplexity.go:9.40,13.21 4 1
github.com/ibnumasud/codility/timecomplexity/timecomplexity.go:16.2,16.15 1 1
github.com/ibnumasud/codility/timecomplexity/timecomplexity.go:13.21,15.3 1 1
github.com/ibnumasud/codility/timecomplexity/timecomplexity.go:20.35,22.22 2 1
github.com/ibnumasud/codility/timecomplexity/timecomplexity.go:25.2,25.14 1 1
github.com/ibnumasud/codility/timecomplexity/timecomplexity.go:22.22,24.3 1 4
github.com/ibnumasud/codility/timecomplexity/timecomplexity.go:29.36,33.33 4 1
github.com/ibnumasud/codility/timecomplexity/timecomplexity.go:36.2,39.33 3 1
github.com/ibnumasud/codility/timecomplexity/timecomplexity.go:48.2,48.15 1 1
github.com/ibnumasud/codility/timecomplexity/timecomplexity.go:33.33,35.3 1 4
github.com/ibnumasud/codility/timecomplexity/timecomplexity.go:39.33,42.49 3 4
github.com/ibnumasud/codility/timecomplexity/timecomplexity.go:42.49,44.4 1 2
